<?xml version="1.0" encoding="UTF-8"?>
<!-- Generated by org.testng.reporters.JUnitReportReporter -->
<testsuite name="Demo.DragDrop" tests="1" time="23.681" ignored="0" failures="0" timestamp="05 Jun 2018 13:22:22 GMT" skipped="0" hostname="DTP236" errors="0">
  <testcase name="dragDrop" time="23.681" classname="Demo.DragDrop"/>
</testsuite> <!-- Demo.DragDrop -->
