<?xml version="1.0" encoding="UTF-8"?>
<!-- Generated by org.testng.reporters.JUnitReportReporter -->
<testsuite name="Demo.Test1" tests="2" time="0.024" ignored="0" failures="0" timestamp="30 May 2018 13:12:26 GMT" skipped="0" hostname="DTP236" errors="0">
  <testcase name="testCase2" time="0.018" classname="Demo.Test1"/>
  <testcase name="testCase1" time="0.006" classname="Demo.Test1"/>
</testsuite> <!-- Demo.Test1 -->
