<?xml version="1.0" encoding="UTF-8"?>
<!-- Generated by org.testng.reporters.JUnitReportReporter -->
<testsuite name="core.Framework.TestScripts.TC_02AddLocation" tests="1" time="5.004" ignored="0" failures="0" timestamp="27 Mar 2018 13:38:19 GMT" skipped="0" hostname="DTP236" errors="0">
  <testcase name="addLocation" time="5.004" classname="core.Framework.TestScripts.TC_02AddLocation"/>
</testsuite> <!-- core.Framework.TestScripts.TC_02AddLocation -->
