<?xml version="1.0" encoding="UTF-8"?>
<!-- Generated by org.testng.reporters.JUnitReportReporter -->
<testsuite ignored="0" hostname="DTP196" failures="0" tests="2" name="core.Framework.TestScripts.TC_01" time="33.507" errors="0" timestamp="12 Jun 2018 10:05:19 GMT" skipped="0">
  <testcase classname="core.Framework.TestScripts.TC_01" name="LoginTCValidUser" time="5.056"/>
  <testcase classname="core.Framework.TestScripts.TC_01" name="LoginTCInValidUser" time="28.451"/>
</testsuite> <!-- core.Framework.TestScripts.TC_01 -->
