<?xml version="1.0" encoding="UTF-8"?>
<!-- Generated by org.testng.reporters.JUnitReportReporter -->
<testsuite name="core.Framework.TestScripts.TC_02" tests="1" time="6.308" ignored="0" failures="0" timestamp="05 Jun 2018 05:37:58 GMT" skipped="0" hostname="DTP236" errors="0">
  <testcase name="GenerateReport" time="6.308" classname="core.Framework.TestScripts.TC_02"/>
</testsuite> <!-- core.Framework.TestScripts.TC_02 -->
