<?xml version="1.0" encoding="UTF-8"?>
<!-- Generated by org.testng.reporters.JUnitReportReporter -->
<testsuite ignored="0" hostname="DTP196" failures="0" tests="2" name="Demo.Test1" time="0.008" errors="0" timestamp="19 Jun 2018 10:48:41 GMT" skipped="0">
  <testcase classname="Demo.Test1" name="testCase1" time="0.000"/>
  <testcase classname="Demo.Test1" name="testCase2" time="0.008"/>
</testsuite> <!-- Demo.Test1 -->
